(0000) 3000  0011000000000000 (   1)                 .ORIG x3000
(3000) E60B  1110011000001011 (   2)                 LEA   R3 message1
(3001) 60C0  0110000011000000 (   3) loop            LDR   R0 R3 #0
(3002) 68C0  0110100011000000 (   4)                 LDR   R4 R3 #0
(3003) 0405  0000010000000101 (   5)                 BRZ   stop
(3004) A205  1010001000000101 (   6) START           LDI   R1 A
(3005) 07FE  0000011111111110 (   7)                 BRZP  START
(3006) B004  1011000000000100 (   8)                 STI   R0 B
(3007) 16E1  0001011011100001 (   9)                 ADD   R3 R3 #1
(3008) 0FF8  0000111111111000 (  10)                 BRNZP loop
(3009) F025  1111000000100101 (  11) stop            TRAP  x25
(300A) FE04  1111111000000100 (  12) A               .FILL xFE04
(300B) FE06  1111111000000110 (  13) B               .FILL xFE06
(300C) 0041  0000000001000001 (  15) message1        .FILL x0041
(300D) 0073  0000000001110011 (  15)                 .FILL x0073
(300E) 0073  0000000001110011 (  15)                 .FILL x0073
(300F) 0065  0000000001100101 (  15)                 .FILL x0065
(3010) 006D  0000000001101101 (  15)                 .FILL x006D
(3011) 0062  0000000001100010 (  15)                 .FILL x0062
(3012) 006C  0000000001101100 (  15)                 .FILL x006C
(3013) 0079  0000000001111001 (  15)                 .FILL x0079
(3014) 0000  0000000000000000 (  15)                 .FILL x0000
