(0000) 3000  0011000000000000 (   1)                 .ORIG x3000
(3000) E60A  1110011000001010 (   2)                 LEA   R3 message1
(3001) 60C0  0110000011000000 (   3) loop            LDR   R0 R3 #0
(3002) 68C0  0110100011000000 (   4)                 LDR   R4 R3 #0
(3003) 0404  0000010000000100 (   5)                 BRZ   stop
(3004) A204  1010001000000100 (   6) START           LDI   R1 A
(3005) B004  1011000000000100 (   8)                 STI   R0 B
(3006) 16E1  0001011011100001 (   9)                 ADD   R3 R3 #1
(3007) 0FF9  0000111111111001 (  10)                 BRNZP loop
(3008) F025  1111000000100101 (  11) stop            TRAP  x25
(3009) FE04  1111111000000100 (  12) A               .FILL xFE04
(300A) FE06  1111111000000110 (  13) B               .FILL xFE06
(300B) 0041  0000000001000001 (  15) message1        .FILL x0041
(300C) 0073  0000000001110011 (  15)                 .FILL x0073
(300D) 0073  0000000001110011 (  15)                 .FILL x0073
(300E) 0065  0000000001100101 (  15)                 .FILL x0065
(300F) 006D  0000000001101101 (  15)                 .FILL x006D
(3010) 0062  0000000001100010 (  15)                 .FILL x0062
(3011) 006C  0000000001101100 (  15)                 .FILL x006C
(3012) 0079  0000000001111001 (  15)                 .FILL x0079
(3013) 0000  0000000000000000 (  15)                 .FILL x0000
