(0000) 3000  0011000000000000 (   1)                 .ORIG x3000
(3000) E014  1110000000010100 (   2)                 LEA   R0 message1
(3001) F022  1111000000100010 (   3)                 TRAP  x22
(3002) E404  1110010000000100 (   4)                 LEA   R2 mytrap
(3003) B424  1011010000100100 (   5)                 STI   R2 a
(3004) E019  1110000000011001 (   6)                 LEA   R0 message2
(3005) F022  1111000000100010 (   7)                 TRAP  x22
(3006) F025  1111000000100101 (   8)                 TRAP  x25
(3007) 3E41  0011111001000001 (   9) mytrap          ST    R7 save_r7
(3008) 3A3F  0011101000111111 (  10)                 ST    R5 save_r5
(3009) 303D  0011000000111101 (  11)                 ST    R0 save_r0
(300A) EA1E  1110101000011110 (  12)                 LEA   R5 intercept_message
(300B) 6140  0110000101000000 (  13)                 LDR   R0 R5 #0
(300C) 0404  0000010000000100 (  14) myloop          BRZ   done
(300D) F021  1111000000100001 (  15)                 TRAP  x21
(300E) 1B61  0001101101100001 (  16)                 ADD   R5 R5 #1
(300F) 6140  0110000101000000 (  17)                 LDR   R0 R5 #0
(3010) 0FFB  0000111111111011 (  18)                 BRNZP myloop
(3011) 2035  0010000000110101 (  20) done            LD    R0 save_r0
(3012) 2A35  0010101000110101 (  21)                 LD    R5 save_r5
(3013) 2E35  0010111000110101 (  22)                 LD    R7 save_r7
(3014) C1C0  1100000111000000 (  23)                 RET   
(3015) 0041  0000000001000001 (  27) message1        .FILL x0041
(3016) 0073  0000000001110011 (  27)                 .FILL x0073
(3017) 0073  0000000001110011 (  27)                 .FILL x0073
(3018) 0065  0000000001100101 (  27)                 .FILL x0065
(3019) 006D  0000000001101101 (  27)                 .FILL x006D
(301A) 0062  0000000001100010 (  27)                 .FILL x0062
(301B) 006C  0000000001101100 (  27)                 .FILL x006C
(301C) 0079  0000000001111001 (  27)                 .FILL x0079
(301D) 0000  0000000000000000 (  27)                 .FILL x0000
(301E) 0020  0000000000100000 (  28) message2        .FILL x0020
(301F) 0069  0000000001101001 (  28)                 .FILL x0069
(3020) 0073  0000000001110011 (  28)                 .FILL x0073
(3021) 0020  0000000000100000 (  28)                 .FILL x0020
(3022) 006E  0000000001101110 (  28)                 .FILL x006E
(3023) 0069  0000000001101001 (  28)                 .FILL x0069
(3024) 0063  0000000001100011 (  28)                 .FILL x0063
(3025) 0065  0000000001100101 (  28)                 .FILL x0065
(3026) 000A  0000000000001010 (  28)                 .FILL x000A
(3027) 0000  0000000000000000 (  28)                 .FILL x0000
(3028) 0022  0000000000100010 (  29) a               .FILL x0022
(3029) 0049  0000000001001001 (  31) intercept_message .FILL x0049
(302A) 0020  0000000000100000 (  31)                 .FILL x0020
(302B) 0077  0000000001110111 (  31)                 .FILL x0077
(302C) 0069  0000000001101001 (  31)                 .FILL x0069
(302D) 006C  0000000001101100 (  31)                 .FILL x006C
(302E) 006C  0000000001101100 (  31)                 .FILL x006C
(302F) 0020  0000000000100000 (  31)                 .FILL x0020
(3030) 006E  0000000001101110 (  31)                 .FILL x006E
(3031) 006F  0000000001101111 (  31)                 .FILL x006F
(3032) 0074  0000000001110100 (  31)                 .FILL x0074
(3033) 0020  0000000000100000 (  31)                 .FILL x0020
(3034) 0070  0000000001110000 (  31)                 .FILL x0070
(3035) 0072  0000000001110010 (  31)                 .FILL x0072
(3036) 0069  0000000001101001 (  31)                 .FILL x0069
(3037) 006E  0000000001101110 (  31)                 .FILL x006E
(3038) 0074  0000000001110100 (  31)                 .FILL x0074
(3039) 0020  0000000000100000 (  31)                 .FILL x0020
(303A) 0079  0000000001111001 (  31)                 .FILL x0079
(303B) 006F  0000000001101111 (  31)                 .FILL x006F
(303C) 0075  0000000001110101 (  31)                 .FILL x0075
(303D) 0072  0000000001110010 (  31)                 .FILL x0072
(303E) 0020  0000000000100000 (  31)                 .FILL x0020
(303F) 0073  0000000001110011 (  31)                 .FILL x0073
(3040) 0074  0000000001110100 (  31)                 .FILL x0074
(3041) 0072  0000000001110010 (  31)                 .FILL x0072
(3042) 0069  0000000001101001 (  31)                 .FILL x0069
(3043) 006E  0000000001101110 (  31)                 .FILL x006E
(3044) 0067  0000000001100111 (  31)                 .FILL x0067
(3045) 000A  0000000000001010 (  31)                 .FILL x000A
(3046) 0000  0000000000000000 (  31)                 .FILL x0000
(3047) 0000  0000000000000000 (  32) save_r0         .FILL x0000
(3048) 0000  0000000000000000 (  33) save_r5         .FILL x0000
(3049) 0000  0000000000000000 (  34) save_r7         .FILL x0000
