(0000) 3000  0011000000000000 (   1)                 .ORIG x3000
(3000) E21A  1110001000011010 (   2) pointer         LEA   R1 input
(3001) 002A  0000000000101010 (   3) ast             .FILL x002A
(3002) 0000  0000000000000000 (   3)                 .FILL x0000
(3003) 0031  0000000000110001 (   4) lab             .FILL x0031
(3004) 0000  0000000000000000 (   4)                 .FILL x0000
(3005) 2BFD  0010101111111101 (   5)                 LD    R5 lab
(3006) 9B7F  1001101101111111 (   6)                 NOT   R5 R5
(3007) 1B61  0001101101100001 (   7)                 ADD   R5 R5 #1
(3008) F020  1111000000100000 (   8)                 TRAP  x20
(3009) 7040  0111000001000000 (   9)                 STR   R0 R1 #0
(300A) 1420  0001010000100000 (  10)                 ADD   R2 R0 #0
(300B) 14A1  0001010010100001 (  11)                 ADD   R2 R2 #1
(300C) 1885  0001100010000101 (  12)                 ADD   R4 R2 R5
(300D) 5060  0101000001100000 (  13) loop_a          AND   R0 R1 #0
(300E) 102A  0001000000101010 (  14)                 ADD   R0 R0 #10
(300F) F021  1111000000100001 (  15)                 TRAP  x21
(3010) 240A  0010010000001010 (  16)                 LD    R2 input
(3011) 14A1  0001010010100001 (  17)                 ADD   R2 R2 #1
(3012) 21EE  0010000111101110 (  18) loop            LD    R0 ast
(3013) 5DA0  0101110110100000 (  19)                 AND   R6 R6 #0
(3014) F021  1111000000100001 (  20)                 TRAP  x21
(3015) 14BF  0001010010111111 (  21)                 ADD   R2 R2 #-1
(3016) 1D42  0001110101000010 (  22)                 ADD   R6 R5 R2
(3017) 03FA  0000001111111010 (  23)                 BRP   loop
(3018) 193F  0001100100111111 (  25)                 ADD   R4 R4 #-1
(3019) 03F3  0000001111110011 (  26)                 BRP   loop_a
(301A) F025  1111000000100101 (  31)                 TRAP  x25
(301B) 0000  0000000000000000 (  33) input           .FILL x0000
(301C) 0000  0000000000000000 (  33)                 .FILL x0000
