(0000) 3000  0011000000000000 (   1)                 .ORIG x3000
(3000) EC28  1110110000101000 (   2)                 LEA   R6 top
(3001) 56E0  0101011011100000 (   3)                 AND   R3 R3 #0
(3002) E408  1110010000001000 (   4)                 LEA   R2 interrupt
(3003) B42C  1011010000101100 (   5)                 STI   R2 a
(3004) 2A2D  0010101000101101 (   6)                 LD    R5 c
(3005) BA2B  1011101000101011 (   7)                 STI   R5 b
(3006) 16FF  0001011011111111 (   9) LP              ADD   R3 R3 #-1
(3007) 0BFE  0000101111111110 (  10)                 BRNP  LP
(3008) 200A  0010000000001010 (  11)                 LD    R0 PLUS
(3009) F021  1111000000100001 (  12)                 TRAP  x21
(300A) 0FFB  0000111111111011 (  13)                 BRNZP LP
(300B) 3028  0011000000101000 (  15) interrupt       ST    R0 reg0
(300C) 3E28  0011111000101000 (  16)                 ST    R7 reg7
(300D) E01C  1110000000011100 (  17)                 LEA   R0 ouch
(300E) F022  1111000000100010 (  18)                 TRAP  x22
(300F) A023  1010000000100011 (  19)                 LDI   R0 d
(3010) 2023  0010000000100011 (  20)                 LD    R0 reg0
(3011) 2E23  0010111000100011 (  21)                 LD    R7 reg7
(3012) 8000  1000000000000000 (  23)                 RTI   
(3013) 002B  0000000000101011 (  25) PLUS            .FILL x002B
(3014) 0000  0000000000000000 (  25)                 .FILL x0000
(3015) 0000  0000000000000000 (  27) stack           .FILL x0000
(3016) 0000  0000000000000000 (  27)                 .FILL x0000
(3017) 0000  0000000000000000 (  27)                 .FILL x0000
(3018) 0000  0000000000000000 (  27)                 .FILL x0000
(3019) 0000  0000000000000000 (  27)                 .FILL x0000
(301A) 0000  0000000000000000 (  27)                 .FILL x0000
(301B) 0000  0000000000000000 (  27)                 .FILL x0000
(301C) 0000  0000000000000000 (  27)                 .FILL x0000
(301D) 0000  0000000000000000 (  27)                 .FILL x0000
(301E) 0000  0000000000000000 (  27)                 .FILL x0000
(301F) 0000  0000000000000000 (  27)                 .FILL x0000
(3020) 0000  0000000000000000 (  27)                 .FILL x0000
(3021) 0000  0000000000000000 (  27)                 .FILL x0000
(3022) 0000  0000000000000000 (  27)                 .FILL x0000
(3023) 0000  0000000000000000 (  27)                 .FILL x0000
(3024) 0000  0000000000000000 (  27)                 .FILL x0000
(3025) 0000  0000000000000000 (  27)                 .FILL x0000
(3026) 0000  0000000000000000 (  27)                 .FILL x0000
(3027) 0000  0000000000000000 (  27)                 .FILL x0000
(3028) 0000  0000000000000000 (  27)                 .FILL x0000
(3029) 0000  0000000000000000 (  27) top             .FILL x0000
(302A) 006F  0000000001101111 (  28) ouch            .FILL x006F
(302B) 0075  0000000001110101 (  28)                 .FILL x0075
(302C) 0063  0000000001100011 (  28)                 .FILL x0063
(302D) 0068  0000000001101000 (  28)                 .FILL x0068
(302E) 0021  0000000000100001 (  28)                 .FILL x0021
(302F) 0000  0000000000000000 (  28)                 .FILL x0000
(3030) 0180  0000000110000000 (  29) a               .FILL x0180
(3031) FE00  1111111000000000 (  30) b               .FILL xFE00
(3032) 4000  0100000000000000 (  31) c               .FILL x4000
(3033) FE02  1111111000000010 (  32) d               .FILL xFE02
(3034) 4001  0100000000000001 (  33) reg0            .FILL x4001
(3035) 4002  0100000000000010 (  34) reg7            .FILL x4002
