(0000) 3000  0011000000000000 (   1)                 .ORIG x3000
(3000) 4803  0100100000000011 (   2)                 JSR   mysub
(3001) E01A  1110000000011010 (   3)                 LEA   R0 message2
(3002) F022  1111000000100010 (   4)                 TRAP  x22
(3003) F025  1111000000100101 (   5)                 TRAP  x25
(3004) E004  1110000000000100 (   7) mysub           LEA   R0 message1
(3005) 3E1F  0011111000011111 (   8)                 ST    R7 return
(3006) F022  1111000000100010 (   9)                 TRAP  x22
(3007) 2E1D  0010111000011101 (  10)                 LD    R7 return
(3008) C1C0  1100000111000000 (  11)                 RET   
(3009) 0041  0000000001000001 (  13) message1        .FILL x0041
(300A) 0073  0000000001110011 (  13)                 .FILL x0073
(300B) 0073  0000000001110011 (  13)                 .FILL x0073
(300C) 0065  0000000001100101 (  13)                 .FILL x0065
(300D) 006D  0000000001101101 (  13)                 .FILL x006D
(300E) 0062  0000000001100010 (  13)                 .FILL x0062
(300F) 006C  0000000001101100 (  13)                 .FILL x006C
(3010) 0079  0000000001111001 (  13)                 .FILL x0079
(3011) 0020  0000000000100000 (  13)                 .FILL x0020
(3012) 006C  0000000001101100 (  13)                 .FILL x006C
(3013) 0061  0000000001100001 (  13)                 .FILL x0061
(3014) 006E  0000000001101110 (  13)                 .FILL x006E
(3015) 0067  0000000001100111 (  13)                 .FILL x0067
(3016) 0075  0000000001110101 (  13)                 .FILL x0075
(3017) 0061  0000000001100001 (  13)                 .FILL x0061
(3018) 0067  0000000001100111 (  13)                 .FILL x0067
(3019) 0065  0000000001100101 (  13)                 .FILL x0065
(301A) 0020  0000000000100000 (  13)                 .FILL x0020
(301B) 0000  0000000000000000 (  13)                 .FILL x0000
(301C) 0069  0000000001101001 (  14) message2        .FILL x0069
(301D) 0073  0000000001110011 (  14)                 .FILL x0073
(301E) 0020  0000000000100000 (  14)                 .FILL x0020
(301F) 006E  0000000001101110 (  14)                 .FILL x006E
(3020) 0069  0000000001101001 (  14)                 .FILL x0069
(3021) 0063  0000000001100011 (  14)                 .FILL x0063
(3022) 0065  0000000001100101 (  14)                 .FILL x0065
(3023) 000A  0000000000001010 (  14)                 .FILL x000A
(3024) 0000  0000000000000000 (  14)                 .FILL x0000
(3025) 0000  0000000000000000 (  15) return          .FILL x0000
